  [1m[35m (454.4ms)[0m  [1m[35mCREATE DATABASE "Phlickr_development" ENCODING = 'unicode'[0m
  ↳ /Users/nrein/.rvm/gems/ruby-2.5.1/gems/rake-12.3.3/lib/rake/task.rb:273
  [1m[35m (290.2ms)[0m  [1m[35mCREATE DATABASE "Phlickr_test" ENCODING = 'unicode'[0m
  ↳ /Users/nrein/.rvm/gems/ruby-2.5.1/gems/rake-12.3.3/lib/rake/task.rb:273
  [1m[35m (36.4ms)[0m  [1m[35mCREATE TABLE "schema_migrations" ("version" character varying NOT NULL PRIMARY KEY)[0m
  ↳ /Users/nrein/.rvm/gems/ruby-2.5.1/gems/rake-12.3.3/lib/rake/task.rb:273
  [1m[35m (9.3ms)[0m  [1m[35mCREATE TABLE "ar_internal_metadata" ("key" character varying NOT NULL PRIMARY KEY, "value" character varying, "created_at" timestamp NOT NULL, "updated_at" timestamp NOT NULL)[0m
  ↳ /Users/nrein/.rvm/gems/ruby-2.5.1/gems/rake-12.3.3/lib/rake/task.rb:273
  [1m[35m (2.2ms)[0m  [1m[34mSELECT pg_try_advisory_lock(7499604953386267785)[0m
  ↳ /Users/nrein/.rvm/gems/ruby-2.5.1/gems/rake-12.3.3/lib/rake/task.rb:273
  [1m[35m (2.4ms)[0m  [1m[34mSELECT "schema_migrations"."version" FROM "schema_migrations" ORDER BY "schema_migrations"."version" ASC[0m
  ↳ /Users/nrein/.rvm/gems/ruby-2.5.1/gems/rake-12.3.3/lib/rake/task.rb:273
  [1m[36mActiveRecord::InternalMetadata Load (0.6ms)[0m  [1m[34mSELECT  "ar_internal_metadata".* FROM "ar_internal_metadata" WHERE "ar_internal_metadata"."key" = $1 LIMIT $2[0m  [["key", "environment"], ["LIMIT", 1]]
  ↳ /Users/nrein/.rvm/gems/ruby-2.5.1/gems/rake-12.3.3/lib/rake/task.rb:273
  [1m[35m (0.2ms)[0m  [1m[35mBEGIN[0m
  ↳ /Users/nrein/.rvm/gems/ruby-2.5.1/gems/rake-12.3.3/lib/rake/task.rb:273
  [1m[36mActiveRecord::InternalMetadata Create (0.7ms)[0m  [1m[32mINSERT INTO "ar_internal_metadata" ("key", "value", "created_at", "updated_at") VALUES ($1, $2, $3, $4) RETURNING "key"[0m  [["key", "environment"], ["value", "development"], ["created_at", "2019-11-05 00:12:42.457725"], ["updated_at", "2019-11-05 00:12:42.457725"]]
  ↳ /Users/nrein/.rvm/gems/ruby-2.5.1/gems/rake-12.3.3/lib/rake/task.rb:273
  [1m[35m (1.4ms)[0m  [1m[35mCOMMIT[0m
  ↳ /Users/nrein/.rvm/gems/ruby-2.5.1/gems/rake-12.3.3/lib/rake/task.rb:273
  [1m[35m (0.3ms)[0m  [1m[34mSELECT pg_advisory_unlock(7499604953386267785)[0m
  ↳ /Users/nrein/.rvm/gems/ruby-2.5.1/gems/rake-12.3.3/lib/rake/task.rb:273
  [1m[35m (0.3ms)[0m  [1m[34mSELECT "schema_migrations"."version" FROM "schema_migrations" ORDER BY "schema_migrations"."version" ASC[0m
  ↳ /Users/nrein/.rvm/gems/ruby-2.5.1/gems/rake-12.3.3/lib/rake/task.rb:273
  [1m[35m (0.3ms)[0m  [1m[34mSELECT pg_try_advisory_lock(7499604953386267785)[0m
  ↳ /Users/nrein/.rvm/gems/ruby-2.5.1/gems/rake-12.3.3/lib/rake/task.rb:273
  [1m[35m (1.0ms)[0m  [1m[34mSELECT "schema_migrations"."version" FROM "schema_migrations" ORDER BY "schema_migrations"."version" ASC[0m
  ↳ /Users/nrein/.rvm/gems/ruby-2.5.1/gems/rake-12.3.3/lib/rake/task.rb:273
Migrating to CreateUsers (20191105001425)
  [1m[35m (0.2ms)[0m  [1m[35mBEGIN[0m
  ↳ /Users/nrein/.rvm/gems/ruby-2.5.1/gems/rake-12.3.3/lib/rake/task.rb:273
  [1m[35m (16.0ms)[0m  [1m[35mCREATE TABLE "users" ("id" bigserial primary key, "first_name" character varying NOT NULL, "last_name" character varying NOT NULL, "email" character varying NOT NULL, "age" integer NOT NULL, "password_digest" character varying NOT NULL, "session_token" character varying NOT NULL, "created_at" timestamp NOT NULL, "updated_at" timestamp NOT NULL)[0m
  ↳ db/migrate/20191105001425_create_users.rb:3
  [1m[35m (9.6ms)[0m  [1m[35mCREATE UNIQUE INDEX  "index_email_on_session_token" ON "email"  ("session_token")[0m
  ↳ db/migrate/20191105001425_create_users.rb:13
  [1m[35m (0.2ms)[0m  [1m[31mROLLBACK[0m
  ↳ /Users/nrein/.rvm/gems/ruby-2.5.1/gems/rake-12.3.3/lib/rake/task.rb:273
  [1m[35m (0.4ms)[0m  [1m[34mSELECT pg_advisory_unlock(7499604953386267785)[0m
  ↳ /Users/nrein/.rvm/gems/ruby-2.5.1/gems/rake-12.3.3/lib/rake/task.rb:273
  [1m[35m (0.3ms)[0m  [1m[34mSELECT pg_try_advisory_lock(7499604953386267785)[0m
  ↳ /Users/nrein/.rvm/gems/ruby-2.5.1/gems/rake-12.3.3/lib/rake/task.rb:273
  [1m[35m (1.0ms)[0m  [1m[34mSELECT "schema_migrations"."version" FROM "schema_migrations" ORDER BY "schema_migrations"."version" ASC[0m
  ↳ /Users/nrein/.rvm/gems/ruby-2.5.1/gems/rake-12.3.3/lib/rake/task.rb:273
Migrating to CreateUsers (20191105001425)
  [1m[35m (0.2ms)[0m  [1m[35mBEGIN[0m
  ↳ /Users/nrein/.rvm/gems/ruby-2.5.1/gems/rake-12.3.3/lib/rake/task.rb:273
  [1m[35m (10.4ms)[0m  [1m[35mCREATE TABLE "users" ("id" bigserial primary key, "first_name" character varying NOT NULL, "last_name" character varying NOT NULL, "email" character varying NOT NULL, "age" integer NOT NULL, "password_digest" character varying NOT NULL, "session_token" character varying NOT NULL, "created_at" timestamp NOT NULL, "updated_at" timestamp NOT NULL)[0m
  ↳ db/migrate/20191105001425_create_users.rb:3
  [1m[35m (7.3ms)[0m  [1m[35mCREATE UNIQUE INDEX  "index_email_on_session_token" ON "email"  ("session_token")[0m
  ↳ db/migrate/20191105001425_create_users.rb:13
  [1m[35m (0.2ms)[0m  [1m[31mROLLBACK[0m
  ↳ /Users/nrein/.rvm/gems/ruby-2.5.1/gems/rake-12.3.3/lib/rake/task.rb:273
  [1m[35m (0.3ms)[0m  [1m[34mSELECT pg_advisory_unlock(7499604953386267785)[0m
  ↳ /Users/nrein/.rvm/gems/ruby-2.5.1/gems/rake-12.3.3/lib/rake/task.rb:273
  [1m[35m (0.3ms)[0m  [1m[34mSELECT pg_try_advisory_lock(7499604953386267785)[0m
  ↳ /Users/nrein/.rvm/gems/ruby-2.5.1/gems/rake-12.3.3/lib/rake/task.rb:273
  [1m[35m (1.1ms)[0m  [1m[34mSELECT "schema_migrations"."version" FROM "schema_migrations" ORDER BY "schema_migrations"."version" ASC[0m
  ↳ /Users/nrein/.rvm/gems/ruby-2.5.1/gems/rake-12.3.3/lib/rake/task.rb:273
Migrating to CreateUsers (20191105001425)
  [1m[35m (0.2ms)[0m  [1m[35mBEGIN[0m
  ↳ /Users/nrein/.rvm/gems/ruby-2.5.1/gems/rake-12.3.3/lib/rake/task.rb:273
  [1m[35m (12.2ms)[0m  [1m[35mCREATE TABLE "users" ("id" bigserial primary key, "first_name" character varying NOT NULL, "last_name" character varying NOT NULL, "email" character varying NOT NULL, "age" integer NOT NULL, "password_digest" character varying NOT NULL, "session_token" character varying NOT NULL, "created_at" timestamp NOT NULL, "updated_at" timestamp NOT NULL)[0m
  ↳ db/migrate/20191105001425_create_users.rb:3
  [1m[35m (1.9ms)[0m  [1m[31mROLLBACK[0m
  ↳ /Users/nrein/.rvm/gems/ruby-2.5.1/gems/rake-12.3.3/lib/rake/task.rb:273
  [1m[35m (0.4ms)[0m  [1m[34mSELECT pg_advisory_unlock(7499604953386267785)[0m
  ↳ /Users/nrein/.rvm/gems/ruby-2.5.1/gems/rake-12.3.3/lib/rake/task.rb:273
  [1m[35m (0.3ms)[0m  [1m[34mSELECT pg_try_advisory_lock(7499604953386267785)[0m
  ↳ /Users/nrein/.rvm/gems/ruby-2.5.1/gems/rake-12.3.3/lib/rake/task.rb:273
  [1m[35m (1.5ms)[0m  [1m[34mSELECT "schema_migrations"."version" FROM "schema_migrations" ORDER BY "schema_migrations"."version" ASC[0m
  ↳ /Users/nrein/.rvm/gems/ruby-2.5.1/gems/rake-12.3.3/lib/rake/task.rb:273
Migrating to CreateUsers (20191105001425)
  [1m[35m (0.2ms)[0m  [1m[35mBEGIN[0m
  ↳ /Users/nrein/.rvm/gems/ruby-2.5.1/gems/rake-12.3.3/lib/rake/task.rb:273
  [1m[35m (13.6ms)[0m  [1m[35mCREATE TABLE "users" ("id" bigserial primary key, "first_name" character varying NOT NULL, "last_name" character varying NOT NULL, "email" character varying NOT NULL, "age" integer NOT NULL, "password_digest" character varying NOT NULL, "session_token" character varying NOT NULL, "created_at" timestamp NOT NULL, "updated_at" timestamp NOT NULL)[0m
  ↳ db/migrate/20191105001425_create_users.rb:3
  [1m[35m (2.1ms)[0m  [1m[31mROLLBACK[0m
  ↳ /Users/nrein/.rvm/gems/ruby-2.5.1/gems/rake-12.3.3/lib/rake/task.rb:273
  [1m[35m (0.4ms)[0m  [1m[34mSELECT pg_advisory_unlock(7499604953386267785)[0m
  ↳ /Users/nrein/.rvm/gems/ruby-2.5.1/gems/rake-12.3.3/lib/rake/task.rb:273
  [1m[35m (0.4ms)[0m  [1m[34mSELECT pg_try_advisory_lock(7499604953386267785)[0m
  ↳ /Users/nrein/.rvm/gems/ruby-2.5.1/gems/rake-12.3.3/lib/rake/task.rb:273
  [1m[35m (1.1ms)[0m  [1m[34mSELECT "schema_migrations"."version" FROM "schema_migrations" ORDER BY "schema_migrations"."version" ASC[0m
  ↳ /Users/nrein/.rvm/gems/ruby-2.5.1/gems/rake-12.3.3/lib/rake/task.rb:273
Migrating to CreateUsers (20191105001425)
  [1m[35m (0.2ms)[0m  [1m[35mBEGIN[0m
  ↳ /Users/nrein/.rvm/gems/ruby-2.5.1/gems/rake-12.3.3/lib/rake/task.rb:273
  [1m[35m (15.6ms)[0m  [1m[35mCREATE TABLE "users" ("id" bigserial primary key, "first_name" character varying NOT NULL, "last_name" character varying NOT NULL, "email" character varying NOT NULL, "age" integer NOT NULL, "password_digest" character varying NOT NULL, "session_token" character varying NOT NULL, "created_at" timestamp NOT NULL, "updated_at" timestamp NOT NULL)[0m
  ↳ db/migrate/20191105001425_create_users.rb:3
  [1m[35m (2.0ms)[0m  [1m[35mCREATE UNIQUE INDEX  "index_users_on_email" ON "users"  ("email")[0m
  ↳ db/migrate/20191105001425_create_users.rb:13
  [1m[35m (2.8ms)[0m  [1m[35mCREATE UNIQUE INDEX  "index_users_on_session_token" ON "users"  ("session_token")[0m
  ↳ db/migrate/20191105001425_create_users.rb:14
  [1m[36mActiveRecord::SchemaMigration Create (1.8ms)[0m  [1m[32mINSERT INTO "schema_migrations" ("version") VALUES ($1) RETURNING "version"[0m  [["version", "20191105001425"]]
  ↳ /Users/nrein/.rvm/gems/ruby-2.5.1/gems/rake-12.3.3/lib/rake/task.rb:273
  [1m[35m (2.5ms)[0m  [1m[35mCOMMIT[0m
  ↳ /Users/nrein/.rvm/gems/ruby-2.5.1/gems/rake-12.3.3/lib/rake/task.rb:273
  [1m[36mActiveRecord::InternalMetadata Load (1.0ms)[0m  [1m[34mSELECT  "ar_internal_metadata".* FROM "ar_internal_metadata" WHERE "ar_internal_metadata"."key" = $1 LIMIT $2[0m  [["key", "environment"], ["LIMIT", 1]]
  ↳ /Users/nrein/.rvm/gems/ruby-2.5.1/gems/rake-12.3.3/lib/rake/task.rb:273
  [1m[35m (0.2ms)[0m  [1m[35mBEGIN[0m
  ↳ /Users/nrein/.rvm/gems/ruby-2.5.1/gems/rake-12.3.3/lib/rake/task.rb:273
  [1m[35m (0.2ms)[0m  [1m[35mCOMMIT[0m
  ↳ /Users/nrein/.rvm/gems/ruby-2.5.1/gems/rake-12.3.3/lib/rake/task.rb:273
  [1m[35m (0.4ms)[0m  [1m[34mSELECT pg_advisory_unlock(7499604953386267785)[0m
  ↳ /Users/nrein/.rvm/gems/ruby-2.5.1/gems/rake-12.3.3/lib/rake/task.rb:273
  [1m[35m (0.8ms)[0m  [1m[34mSELECT "schema_migrations"."version" FROM "schema_migrations" ORDER BY "schema_migrations"."version" ASC[0m
  ↳ /Users/nrein/.rvm/gems/ruby-2.5.1/gems/rake-12.3.3/lib/rake/task.rb:273
  [1m[35m (1.1ms)[0m  [1m[34mSELECT "schema_migrations"."version" FROM "schema_migrations" ORDER BY "schema_migrations"."version" ASC[0m
  ↳ /Users/nrein/.rvm/gems/ruby-2.5.1/gems/annotate-2.7.5/lib/annotate/annotate_models.rb:779
Started GET "/" for ::1 at 2019-11-04 16:45:02 -0800
  [1m[35m (2.5ms)[0m  [1m[34mSELECT "schema_migrations"."version" FROM "schema_migrations" ORDER BY "schema_migrations"."version" ASC[0m
  ↳ /Users/nrein/.rvm/gems/ruby-2.5.1/gems/better_errors-2.5.1/lib/better_errors/middleware.rb:84
Processing by StaticPagesController#root as HTML
  Rendering static_pages/root.html.erb within layouts/application
  Rendered static_pages/root.html.erb within layouts/application (5.3ms)
Completed 200 OK in 2235ms (Views: 2233.1ms | ActiveRecord: 0.0ms)


Started GET "/" for ::1 at 2019-11-04 16:48:30 -0800
Processing by StaticPagesController#root as HTML
  Rendering static_pages/root.html.erb within layouts/application
  Rendered static_pages/root.html.erb within layouts/application (0.6ms)
Completed 200 OK in 1467ms (Views: 1466.4ms | ActiveRecord: 0.0ms)


Started GET "/" for ::1 at 2019-11-04 17:40:36 -0800
Processing by StaticPagesController#root as HTML
  Rendering static_pages/root.html.erb within layouts/application
  [1m[36mUser Load (4.4ms)[0m  [1m[34mSELECT  "users".* FROM "users" WHERE "users"."session_token" IS NULL LIMIT $1[0m  [["LIMIT", 1]]
  ↳ app/controllers/application_controller.rb:5
  Rendered static_pages/root.html.erb within layouts/application (47.2ms)
Completed 200 OK in 683ms (Views: 670.1ms | ActiveRecord: 12.4ms)


Started GET "/" for ::1 at 2019-11-04 17:41:48 -0800
Processing by StaticPagesController#root as HTML
  Rendering static_pages/root.html.erb within layouts/application
  [1m[36mUser Load (0.5ms)[0m  [1m[34mSELECT  "users".* FROM "users" WHERE "users"."session_token" IS NULL LIMIT $1[0m  [["LIMIT", 1]]
  ↳ app/controllers/application_controller.rb:5
  Rendered static_pages/root.html.erb within layouts/application (2.3ms)
Completed 200 OK in 610ms (Views: 608.9ms | ActiveRecord: 0.5ms)


Started GET "/" for ::1 at 2019-11-04 17:46:27 -0800
Processing by StaticPagesController#root as HTML
  Rendering static_pages/root.html.erb within layouts/application
  [1m[36mUser Load (0.4ms)[0m  [1m[34mSELECT  "users".* FROM "users" WHERE "users"."session_token" IS NULL LIMIT $1[0m  [["LIMIT", 1]]
  ↳ app/controllers/application_controller.rb:5
  Rendered static_pages/root.html.erb within layouts/application (2.0ms)
Completed 200 OK in 537ms (Views: 536.4ms | ActiveRecord: 0.4ms)


Started GET "/" for ::1 at 2019-11-05 09:15:42 -0800
  [1m[35m (1.7ms)[0m  [1m[34mSELECT "schema_migrations"."version" FROM "schema_migrations" ORDER BY "schema_migrations"."version" ASC[0m
  ↳ /Users/nrein/.rvm/gems/ruby-2.5.1/gems/better_errors-2.5.1/lib/better_errors/middleware.rb:84
Processing by StaticPagesController#root as HTML
  Rendering static_pages/root.html.erb within layouts/application
  [1m[36mUser Load (3.1ms)[0m  [1m[34mSELECT  "users".* FROM "users" WHERE "users"."session_token" IS NULL LIMIT $1[0m  [["LIMIT", 1]]
  ↳ app/controllers/application_controller.rb:5
  Rendered static_pages/root.html.erb within layouts/application (28.8ms)
Completed 200 OK in 2183ms (Views: 2174.4ms | ActiveRecord: 7.9ms)


Started GET "/" for ::1 at 2019-11-05 09:17:34 -0800
Processing by StaticPagesController#root as HTML
  Rendering static_pages/root.html.erb within layouts/application
  [1m[36mUser Load (0.4ms)[0m  [1m[34mSELECT  "users".* FROM "users" WHERE "users"."session_token" IS NULL LIMIT $1[0m  [["LIMIT", 1]]
  ↳ app/controllers/application_controller.rb:5
  Rendered static_pages/root.html.erb within layouts/application (2.5ms)
Completed 200 OK in 537ms (Views: 536.5ms | ActiveRecord: 0.4ms)


Started GET "/" for ::1 at 2019-11-05 09:17:49 -0800
Processing by StaticPagesController#root as HTML
  Rendering static_pages/root.html.erb within layouts/application
  [1m[36mUser Load (0.4ms)[0m  [1m[34mSELECT  "users".* FROM "users" WHERE "users"."session_token" IS NULL LIMIT $1[0m  [["LIMIT", 1]]
  ↳ app/controllers/application_controller.rb:5
  Rendered static_pages/root.html.erb within layouts/application (2.1ms)
Completed 200 OK in 528ms (Views: 527.6ms | ActiveRecord: 0.4ms)


Started POST "/api/users" for ::1 at 2019-11-05 09:18:16 -0800
Processing by Api::UsersController#create as JSON
  Parameters: {"user"=>{"email"=>"dylan@gmail.com", "password"=>"[FILTERED]", "age"=>"19", "first_name"=>"Dylan", "last_name"=>"Reinhardt"}}
  [1m[35m (0.4ms)[0m  [1m[35mBEGIN[0m
  ↳ app/controllers/api/users_controller.rb:5
  [1m[36mUser Exists (1.1ms)[0m  [1m[34mSELECT  1 AS one FROM "users" WHERE "users"."email" = $1 LIMIT $2[0m  [["email", "dylan@gmail.com"], ["LIMIT", 1]]
  ↳ app/controllers/api/users_controller.rb:5
  [1m[36mUser Create (6.7ms)[0m  [1m[32mINSERT INTO "users" ("first_name", "last_name", "email", "age", "password_digest", "session_token", "created_at", "updated_at") VALUES ($1, $2, $3, $4, $5, $6, $7, $8) RETURNING "id"[0m  [["first_name", "Dylan"], ["last_name", "Reinhardt"], ["email", "dylan@gmail.com"], ["age", 19], ["password_digest", "$2a$12$sdNXnhmE1VBamw6.mz/ozOMHYBE7ArKXpqGx5VFsdfWHI/rckIR0i"], ["session_token", "bgSBL6taMRieS6zFfb6GrQ"], ["created_at", "2019-11-05 17:18:17.051804"], ["updated_at", "2019-11-05 17:18:17.051804"]]
  ↳ app/controllers/api/users_controller.rb:5
  [1m[35m (1.4ms)[0m  [1m[35mCOMMIT[0m
  ↳ app/controllers/api/users_controller.rb:5
Completed 500 Internal Server Error in 451ms (ActiveRecord: 16.0ms)



NoMethodError - undefined method `loggin!' for #<Api::UsersController:0x00007fa5974ca4c0>
Did you mean?  login!:
  app/controllers/api/users_controller.rb:6:in `create'

Started POST "/api/users" for ::1 at 2019-11-05 09:18:22 -0800
Processing by Api::UsersController#create as JSON
  Parameters: {"user"=>{"email"=>"dylan@gmail.com", "password"=>"[FILTERED]", "age"=>"19", "first_name"=>"Dylan", "last_name"=>"Reinhardt"}}
  [1m[35m (0.2ms)[0m  [1m[35mBEGIN[0m
  ↳ app/controllers/api/users_controller.rb:5
  [1m[36mUser Exists (0.6ms)[0m  [1m[34mSELECT  1 AS one FROM "users" WHERE "users"."email" = $1 LIMIT $2[0m  [["email", "dylan@gmail.com"], ["LIMIT", 1]]
  ↳ app/controllers/api/users_controller.rb:5
  [1m[35m (0.3ms)[0m  [1m[31mROLLBACK[0m
  ↳ app/controllers/api/users_controller.rb:5
Completed 422 Unprocessable Entity in 310ms (Views: 0.2ms | ActiveRecord: 1.1ms)


Started POST "/api/users" for ::1 at 2019-11-05 09:18:26 -0800
Processing by Api::UsersController#create as JSON
  Parameters: {"user"=>{"email"=>"dylan@gmail.com", "password"=>"[FILTERED]", "age"=>"19", "first_name"=>"Dylan", "last_name"=>"Reinhardt"}}
  [1m[35m (0.2ms)[0m  [1m[35mBEGIN[0m
  ↳ app/controllers/api/users_controller.rb:5
  [1m[36mUser Exists (0.4ms)[0m  [1m[34mSELECT  1 AS one FROM "users" WHERE "users"."email" = $1 LIMIT $2[0m  [["email", "dylan@gmail.com"], ["LIMIT", 1]]
  ↳ app/controllers/api/users_controller.rb:5
  [1m[35m (0.3ms)[0m  [1m[31mROLLBACK[0m
  ↳ app/controllers/api/users_controller.rb:5
Completed 422 Unprocessable Entity in 288ms (Views: 0.2ms | ActiveRecord: 0.9ms)


Started POST "/api/session" for ::1 at 2019-11-05 09:18:37 -0800
Processing by Api::SessionsController#create as JSON
  Parameters: {"user"=>{"email"=>"dylan@gmail.com", "password"=>"[FILTERED]", "age"=>"", "first_name"=>"", "last_name"=>""}}
  [1m[36mUser Load (0.4ms)[0m  [1m[34mSELECT  "users".* FROM "users" WHERE "users"."email" = $1 LIMIT $2[0m  [["email", "dylan@gmail.com"], ["LIMIT", 1]]
  ↳ app/models/user.rb:43
Completed 500 Internal Server Error in 300ms (ActiveRecord: 0.4ms)



ActionView::MissingTemplate - Missing template api/sessions/create, application/create with {:locale=>[:en], :formats=>[:json], :variants=>[], :handlers=>[:raw, :erb, :html, :builder, :ruby, :coffee, :jbuilder]}. Searched in:
  * "/Users/nrein/Desktop/Full-Stack-Project/app/views"
:
  app/controllers/api/sessions_controller.rb:10:in `create'

Started POST "/api/session" for ::1 at 2019-11-05 09:18:39 -0800
Processing by Api::SessionsController#create as JSON
  Parameters: {"user"=>{"email"=>"dylan@gmail.com", "password"=>"[FILTERED]", "age"=>"", "first_name"=>"", "last_name"=>""}}
  [1m[36mUser Load (0.5ms)[0m  [1m[34mSELECT  "users".* FROM "users" WHERE "users"."email" = $1 LIMIT $2[0m  [["email", "dylan@gmail.com"], ["LIMIT", 1]]
  ↳ app/models/user.rb:43
Completed 500 Internal Server Error in 295ms (ActiveRecord: 0.5ms)



ActionView::MissingTemplate - Missing template api/sessions/create, application/create with {:locale=>[:en], :formats=>[:json], :variants=>[], :handlers=>[:raw, :erb, :html, :builder, :ruby, :coffee, :jbuilder]}. Searched in:
  * "/Users/nrein/Desktop/Full-Stack-Project/app/views"
:
  app/controllers/api/sessions_controller.rb:10:in `create'

Started POST "/api/users" for ::1 at 2019-11-05 09:21:42 -0800
Processing by Api::UsersController#create as JSON
  Parameters: {"user"=>{"email"=>"", "password"=>"[FILTERED]", "age"=>"", "first_name"=>"", "last_name"=>""}}
  [1m[35m (0.2ms)[0m  [1m[35mBEGIN[0m
  ↳ app/controllers/api/users_controller.rb:5
  [1m[36mUser Exists (0.5ms)[0m  [1m[34mSELECT  1 AS one FROM "users" WHERE "users"."email" = $1 LIMIT $2[0m  [["email", ""], ["LIMIT", 1]]
  ↳ app/controllers/api/users_controller.rb:5
  [1m[35m (0.2ms)[0m  [1m[31mROLLBACK[0m
  ↳ app/controllers/api/users_controller.rb:5
Completed 422 Unprocessable Entity in 292ms (Views: 0.3ms | ActiveRecord: 0.9ms)


Started POST "/api/users" for ::1 at 2019-11-05 09:21:44 -0800
Processing by Api::UsersController#create as JSON
  Parameters: {"user"=>{"email"=>"", "password"=>"[FILTERED]", "age"=>"", "first_name"=>"", "last_name"=>""}}
  [1m[35m (0.2ms)[0m  [1m[35mBEGIN[0m
  ↳ app/controllers/api/users_controller.rb:5
Started POST "/api/users" for ::1 at 2019-11-05 09:21:44 -0800
  [1m[36mUser Exists (0.9ms)[0m  [1m[34mSELECT  1 AS one FROM "users" WHERE "users"."email" = $1 LIMIT $2[0m  [["email", ""], ["LIMIT", 1]]
  ↳ app/controllers/api/users_controller.rb:5
  [1m[35m (1.2ms)[0m  [1m[31mROLLBACK[0m
  ↳ app/controllers/api/users_controller.rb:5
Completed 422 Unprocessable Entity in 303ms (Views: 0.4ms | ActiveRecord: 2.3ms)


Processing by Api::UsersController#create as JSON
  Parameters: {"user"=>{"email"=>"", "password"=>"[FILTERED]", "age"=>"", "first_name"=>"", "last_name"=>""}}
Started POST "/api/users" for ::1 at 2019-11-05 09:21:44 -0800
  [1m[35m (1.0ms)[0m  [1m[35mBEGIN[0m
  ↳ app/controllers/api/users_controller.rb:5
Processing by Api::UsersController#create as JSON
  Parameters: {"user"=>{"email"=>"", "password"=>"[FILTERED]", "age"=>"", "first_name"=>"", "last_name"=>""}}
  [1m[36mUser Exists (283.7ms)[0m  [1m[34mSELECT  1 AS one FROM "users" WHERE "users"."email" = $1 LIMIT $2[0m  [["email", ""], ["LIMIT", 1]]
  [1m[35m (0.3ms)[0m  [1m[35mBEGIN[0m
  ↳ app/controllers/api/users_controller.rb:5
  ↳ app/controllers/api/users_controller.rb:5
  [1m[35m (1.4ms)[0m  [1m[31mROLLBACK[0m
  ↳ app/controllers/api/users_controller.rb:5
Completed 422 Unprocessable Entity in 587ms (Views: 0.2ms | ActiveRecord: 286.1ms)


  [1m[36mUser Exists (0.9ms)[0m  [1m[34mSELECT  1 AS one FROM "users" WHERE "users"."email" = $1 LIMIT $2[0m  [["email", ""], ["LIMIT", 1]]
  ↳ app/controllers/api/users_controller.rb:5
  [1m[35m (0.8ms)[0m  [1m[31mROLLBACK[0m
  ↳ app/controllers/api/users_controller.rb:5
Completed 422 Unprocessable Entity in 298ms (Views: 0.2ms | ActiveRecord: 2.1ms)


Started POST "/api/users" for ::1 at 2019-11-05 09:21:45 -0800
Processing by Api::UsersController#create as JSON
  Parameters: {"user"=>{"email"=>"", "password"=>"[FILTERED]", "age"=>"", "first_name"=>"", "last_name"=>""}}
Started POST "/api/users" for ::1 at 2019-11-05 09:21:45 -0800
  [1m[35m (1.0ms)[0m  [1m[35mBEGIN[0m
  ↳ app/controllers/api/users_controller.rb:5
  [1m[36mUser Exists (0.6ms)[0m  [1m[34mSELECT  1 AS one FROM "users" WHERE "users"."email" = $1 LIMIT $2[0m  [["email", ""], ["LIMIT", 1]]
  ↳ app/controllers/api/users_controller.rb:5
Processing by Api::UsersController#create as JSON
  Parameters: {"user"=>{"email"=>"", "password"=>"[FILTERED]", "age"=>"", "first_name"=>"", "last_name"=>""}}
  [1m[35m (283.7ms)[0m  [1m[31mROLLBACK[0m
  ↳ app/controllers/api/users_controller.rb:5
  [1m[35m (0.4ms)[0m  [1m[35mBEGIN[0m
Completed 422 Unprocessable Entity in 586ms (Views: 0.2ms | ActiveRecord: 285.3ms)


  ↳ app/controllers/api/users_controller.rb:5
  [1m[36mUser Exists (1.0ms)[0m  [1m[34mSELECT  1 AS one FROM "users" WHERE "users"."email" = $1 LIMIT $2[0m  [["email", ""], ["LIMIT", 1]]
  ↳ app/controllers/api/users_controller.rb:5
  [1m[35m (0.2ms)[0m  [1m[31mROLLBACK[0m
  ↳ app/controllers/api/users_controller.rb:5
Completed 422 Unprocessable Entity in 295ms (Views: 0.5ms | ActiveRecord: 1.6ms)


Started POST "/api/users" for ::1 at 2019-11-05 09:22:01 -0800
Processing by Api::UsersController#create as JSON
  Parameters: {"user"=>{"email"=>"", "password"=>"[FILTERED]", "age"=>"", "first_name"=>"", "last_name"=>""}}
  [1m[35m (0.2ms)[0m  [1m[35mBEGIN[0m
Started POST "/api/users" for ::1 at 2019-11-05 09:22:01 -0800
  ↳ app/controllers/api/users_controller.rb:5
  [1m[36mUser Exists (0.6ms)[0m  [1m[34mSELECT  1 AS one FROM "users" WHERE "users"."email" = $1 LIMIT $2[0m  [["email", ""], ["LIMIT", 1]]
  ↳ app/controllers/api/users_controller.rb:5
Processing by Api::UsersController#create as JSON
  Parameters: {"user"=>{"email"=>"", "password"=>"[FILTERED]", "age"=>"", "first_name"=>"", "last_name"=>""}}
  [1m[35m (283.5ms)[0m  [1m[31mROLLBACK[0m
  ↳ app/controllers/api/users_controller.rb:5
Completed 422 Unprocessable Entity in 599ms (Views: 0.2ms | ActiveRecord: 284.3ms)


  [1m[35m (1.9ms)[0m  [1m[35mBEGIN[0m
  ↳ app/controllers/api/users_controller.rb:5
  [1m[36mUser Exists (0.6ms)[0m  [1m[34mSELECT  1 AS one FROM "users" WHERE "users"."email" = $1 LIMIT $2[0m  [["email", ""], ["LIMIT", 1]]
  ↳ app/controllers/api/users_controller.rb:5
  [1m[35m (0.2ms)[0m  [1m[31mROLLBACK[0m
  ↳ app/controllers/api/users_controller.rb:5
Completed 422 Unprocessable Entity in 294ms (Views: 0.2ms | ActiveRecord: 2.8ms)


Started POST "/api/session" for ::1 at 2019-11-05 09:22:04 -0800
Processing by Api::SessionsController#create as JSON
  Parameters: {"user"=>{"email"=>"", "password"=>"[FILTERED]", "age"=>"", "first_name"=>"", "last_name"=>""}}
  [1m[36mUser Load (0.5ms)[0m  [1m[34mSELECT  "users".* FROM "users" WHERE "users"."email" = $1 LIMIT $2[0m  [["email", ""], ["LIMIT", 1]]
  ↳ app/models/user.rb:43
Completed 401 Unauthorized in 2ms (Views: 0.2ms | ActiveRecord: 0.5ms)


Started POST "/api/session" for ::1 at 2019-11-05 09:22:05 -0800
Processing by Api::SessionsController#create as JSON
  Parameters: {"user"=>{"email"=>"", "password"=>"[FILTERED]", "age"=>"", "first_name"=>"", "last_name"=>""}}
  [1m[36mUser Load (0.5ms)[0m  [1m[34mSELECT  "users".* FROM "users" WHERE "users"."email" = $1 LIMIT $2[0m  [["email", ""], ["LIMIT", 1]]
  ↳ app/models/user.rb:43
Completed 401 Unauthorized in 3ms (Views: 0.3ms | ActiveRecord: 0.5ms)


Started POST "/api/users" for ::1 at 2019-11-05 09:22:06 -0800
Processing by Api::UsersController#create as JSON
  Parameters: {"user"=>{"email"=>"", "password"=>"[FILTERED]", "age"=>"", "first_name"=>"", "last_name"=>""}}
Started POST "/api/users" for ::1 at 2019-11-05 09:22:07 -0800
  [1m[35m (0.6ms)[0m  [1m[35mBEGIN[0m
  ↳ app/controllers/api/users_controller.rb:5
Processing by Api::UsersController#create as JSON
  Parameters: {"user"=>{"email"=>"", "password"=>"[FILTERED]", "age"=>"", "first_name"=>"", "last_name"=>""}}
  [1m[36mUser Exists (300.7ms)[0m  [1m[34mSELECT  1 AS one FROM "users" WHERE "users"."email" = $1 LIMIT $2[0m  [["email", ""], ["LIMIT", 1]]
  ↳ app/controllers/api/users_controller.rb:5
  [1m[35m (0.4ms)[0m  [1m[35mBEGIN[0m
  ↳ app/controllers/api/users_controller.rb:5
  [1m[35m (0.4ms)[0m  [1m[31mROLLBACK[0m
  ↳ app/controllers/api/users_controller.rb:5
Completed 422 Unprocessable Entity in 607ms (Views: 0.2ms | ActiveRecord: 301.6ms)


  [1m[36mUser Exists (2.0ms)[0m  [1m[34mSELECT  1 AS one FROM "users" WHERE "users"."email" = $1 LIMIT $2[0m  [["email", ""], ["LIMIT", 1]]
  ↳ app/controllers/api/users_controller.rb:5
  [1m[35m (0.2ms)[0m  [1m[31mROLLBACK[0m
  ↳ app/controllers/api/users_controller.rb:5
Completed 422 Unprocessable Entity in 316ms (Views: 0.5ms | ActiveRecord: 2.7ms)


  [1m[35m (1.0ms)[0m  [1m[34mSELECT "schema_migrations"."version" FROM "schema_migrations" ORDER BY "schema_migrations"."version" ASC[0m
  ↳ /Users/nrein/.rvm/gems/ruby-2.5.1/gems/rake-12.3.3/lib/rake/task.rb:273
  [1m[35m (1.0ms)[0m  [1m[34mSELECT "schema_migrations"."version" FROM "schema_migrations" ORDER BY "schema_migrations"."version" ASC[0m
  ↳ /Users/nrein/.rvm/gems/ruby-2.5.1/gems/rake-12.3.3/lib/rake/task.rb:273
  [1m[35m (1.0ms)[0m  [1m[34mSELECT "schema_migrations"."version" FROM "schema_migrations" ORDER BY "schema_migrations"."version" ASC[0m
  ↳ /Users/nrein/.rvm/gems/ruby-2.5.1/gems/rake-12.3.3/lib/rake/task.rb:273
  [1m[36mUser Load (0.9ms)[0m  [1m[34mSELECT "users".* FROM "users"[0m
  ↳ db/seeds.rb:9
  [1m[35m (0.2ms)[0m  [1m[35mBEGIN[0m
  ↳ db/seeds.rb:9
  [1m[36mUser Destroy (0.8ms)[0m  [1m[31mDELETE FROM "users" WHERE "users"."id" = $1[0m  [["id", 1]]
  ↳ db/seeds.rb:9
  [1m[35m (1.5ms)[0m  [1m[35mCOMMIT[0m
  ↳ db/seeds.rb:9
  [1m[35m (0.2ms)[0m  [1m[35mBEGIN[0m
  ↳ db/seeds.rb:10
  [1m[36mUser Exists (0.6ms)[0m  [1m[34mSELECT  1 AS one FROM "users" WHERE "users"."email" = $1 LIMIT $2[0m  [["email", "nrein@gmail.com"], ["LIMIT", 1]]
  ↳ db/seeds.rb:10
  [1m[36mUser Create (0.6ms)[0m  [1m[32mINSERT INTO "users" ("first_name", "last_name", "email", "age", "password_digest", "session_token", "created_at", "updated_at") VALUES ($1, $2, $3, $4, $5, $6, $7, $8) RETURNING "id"[0m  [["first_name", "Nathan"], ["last_name", "Reinhardt"], ["email", "nrein@gmail.com"], ["age", 22], ["password_digest", "$2a$12$TaxoO6BUknKC6nfIgjpv3.KkisF4vfX3UDM1xOvDVrGPRRGi2HCZW"], ["session_token", "xZt0lyqbEutSZDLLX3cwig"], ["created_at", "2019-11-05 17:24:53.159989"], ["updated_at", "2019-11-05 17:24:53.159989"]]
  ↳ db/seeds.rb:10
  [1m[35m (1.2ms)[0m  [1m[35mCOMMIT[0m
  ↳ db/seeds.rb:10
  [1m[35m (1.0ms)[0m  [1m[34mSELECT "schema_migrations"."version" FROM "schema_migrations" ORDER BY "schema_migrations"."version" ASC[0m
  ↳ /Users/nrein/.rvm/gems/ruby-2.5.1/gems/rake-12.3.3/lib/rake/task.rb:273
  [1m[36mUser Load (1.1ms)[0m  [1m[34mSELECT "users".* FROM "users"[0m
  ↳ db/seeds.rb:9
  [1m[35m (0.2ms)[0m  [1m[35mBEGIN[0m
  ↳ db/seeds.rb:9
  [1m[36mUser Destroy (0.8ms)[0m  [1m[31mDELETE FROM "users" WHERE "users"."id" = $1[0m  [["id", 2]]
  ↳ db/seeds.rb:9
  [1m[35m (1.7ms)[0m  [1m[35mCOMMIT[0m
  ↳ db/seeds.rb:9
  [1m[35m (0.2ms)[0m  [1m[35mBEGIN[0m
  ↳ db/seeds.rb:10
  [1m[36mUser Exists (0.6ms)[0m  [1m[34mSELECT  1 AS one FROM "users" WHERE "users"."email" = $1 LIMIT $2[0m  [["email", "nrein@gmail.com"], ["LIMIT", 1]]
  ↳ db/seeds.rb:10
  [1m[36mUser Create (1.1ms)[0m  [1m[32mINSERT INTO "users" ("id", "first_name", "last_name", "email", "age", "password_digest", "session_token", "created_at", "updated_at") VALUES ($1, $2, $3, $4, $5, $6, $7, $8, $9) RETURNING "id"[0m  [["id", 1], ["first_name", "Nathan"], ["last_name", "Reinhardt"], ["email", "nrein@gmail.com"], ["age", 22], ["password_digest", "$2a$12$f1hAJ5jYhyl1MniGYzVNeeg670XtIILnLT4dG4GH.jqDshhutnvcW"], ["session_token", "f1dUAN3tRoHphMUJVe6gcA"], ["created_at", "2019-11-05 17:25:12.638062"], ["updated_at", "2019-11-05 17:25:12.638062"]]
  ↳ db/seeds.rb:10
  [1m[35m (1.4ms)[0m  [1m[35mCOMMIT[0m
  ↳ db/seeds.rb:10
Started GET "/" for ::1 at 2019-11-05 09:25:18 -0800
Processing by StaticPagesController#root as HTML
  Rendering static_pages/root.html.erb within layouts/application
  [1m[36mUser Load (0.3ms)[0m  [1m[34mSELECT  "users".* FROM "users" WHERE "users"."session_token" IS NULL LIMIT $1[0m  [["LIMIT", 1]]
  ↳ app/controllers/application_controller.rb:5
  Rendered static_pages/root.html.erb within layouts/application (3.3ms)
Completed 200 OK in 61ms (Views: 60.3ms | ActiveRecord: 0.6ms)


Started GET "/" for ::1 at 2019-11-05 09:26:00 -0800
Processing by StaticPagesController#root as HTML
  Rendering static_pages/root.html.erb within layouts/application
  [1m[36mUser Load (0.4ms)[0m  [1m[34mSELECT  "users".* FROM "users" WHERE "users"."session_token" IS NULL LIMIT $1[0m  [["LIMIT", 1]]
  ↳ app/controllers/application_controller.rb:5
  Rendered static_pages/root.html.erb within layouts/application (2.5ms)
Completed 200 OK in 535ms (Views: 534.0ms | ActiveRecord: 0.4ms)


Started POST "/api/session" for ::1 at 2019-11-05 09:26:12 -0800
Processing by Api::SessionsController#create as JSON
  Parameters: {"user"=>{"email"=>"nrein@gmail.com", "password"=>"[FILTERED]", "age"=>"", "first_name"=>"", "last_name"=>""}}
  [1m[36mUser Load (0.4ms)[0m  [1m[34mSELECT  "users".* FROM "users" WHERE "users"."email" = $1 LIMIT $2[0m  [["email", "nrein@gmail.com"], ["LIMIT", 1]]
  ↳ app/models/user.rb:43
Completed 500 Internal Server Error in 296ms (ActiveRecord: 0.4ms)



ActionView::MissingTemplate - Missing template api/sessions/create, application/create with {:locale=>[:en], :formats=>[:json], :variants=>[], :handlers=>[:raw, :erb, :html, :builder, :ruby, :coffee, :jbuilder]}. Searched in:
  * "/Users/nrein/Desktop/Full-Stack-Project/app/views"
:
  app/controllers/api/sessions_controller.rb:10:in `create'

Started POST "/api/session" for ::1 at 2019-11-05 09:26:26 -0800
Processing by Api::SessionsController#create as JSON
  Parameters: {"user"=>{"email"=>"nrein@gmail.com", "password"=>"[FILTERED]", "age"=>"", "first_name"=>"", "last_name"=>""}}
  [1m[36mUser Load (0.6ms)[0m  [1m[34mSELECT  "users".* FROM "users" WHERE "users"."email" = $1 LIMIT $2[0m  [["email", "nrein@gmail.com"], ["LIMIT", 1]]
  ↳ app/models/user.rb:43
Completed 401 Unauthorized in 285ms (Views: 0.2ms | ActiveRecord: 0.6ms)


Started POST "/api/users" for ::1 at 2019-11-05 09:26:57 -0800
Processing by Api::UsersController#create as JSON
  Parameters: {"user"=>{"email"=>"dylan@gmail.com", "password"=>"[FILTERED]", "age"=>"19", "first_name"=>"Dylan", "last_name"=>"Reinhardt"}}
  [1m[35m (0.2ms)[0m  [1m[35mBEGIN[0m
  ↳ app/controllers/api/users_controller.rb:5
  [1m[36mUser Exists (0.4ms)[0m  [1m[34mSELECT  1 AS one FROM "users" WHERE "users"."email" = $1 LIMIT $2[0m  [["email", "dylan@gmail.com"], ["LIMIT", 1]]
  ↳ app/controllers/api/users_controller.rb:5
  [1m[36mUser Create (0.8ms)[0m  [1m[32mINSERT INTO "users" ("first_name", "last_name", "email", "age", "password_digest", "session_token", "created_at", "updated_at") VALUES ($1, $2, $3, $4, $5, $6, $7, $8) RETURNING "id"[0m  [["first_name", "Dylan"], ["last_name", "Reinhardt"], ["email", "dylan@gmail.com"], ["age", 19], ["password_digest", "$2a$12$NSpz8CMAzetEXDDhuRXkrO2UG4jVyWX5dw4wNdUjNseGemVIBLyVm"], ["session_token", "HKThQfSUslFe_pJ8qTSRvQ"], ["created_at", "2019-11-05 17:26:57.595136"], ["updated_at", "2019-11-05 17:26:57.595136"]]
  ↳ app/controllers/api/users_controller.rb:5
  [1m[35m (1.3ms)[0m  [1m[35mCOMMIT[0m
  ↳ app/controllers/api/users_controller.rb:5
Completed 500 Internal Server Error in 474ms (ActiveRecord: 2.8ms)



NoMethodError - undefined method `loggin!' for #<Api::UsersController:0x00007fa597a11488>
Did you mean?  login!:
  app/controllers/api/users_controller.rb:6:in `create'

Started GET "/" for ::1 at 2019-11-05 09:28:15 -0800
Processing by StaticPagesController#root as HTML
  Rendering static_pages/root.html.erb within layouts/application
  [1m[36mUser Load (3.7ms)[0m  [1m[34mSELECT  "users".* FROM "users" WHERE "users"."session_token" IS NULL LIMIT $1[0m  [["LIMIT", 1]]
  ↳ app/controllers/application_controller.rb:5
  Rendered static_pages/root.html.erb within layouts/application (28.4ms)
Completed 200 OK in 130ms (Views: 112.0ms | ActiveRecord: 17.4ms)


Started POST "/api/session" for ::1 at 2019-11-05 09:28:34 -0800
Processing by Api::SessionsController#create as JSON
  Parameters: {"user"=>{"email"=>"nrein@gmail.com", "password"=>"[FILTERED]", "age"=>"", "first_name"=>"", "last_name"=>""}}
  [1m[36mUser Load (0.5ms)[0m  [1m[34mSELECT  "users".* FROM "users" WHERE "users"."email" = $1 LIMIT $2[0m  [["email", "nrein@gmail.com"], ["LIMIT", 1]]
  ↳ app/models/user.rb:43
Completed 500 Internal Server Error in 314ms (ActiveRecord: 9.5ms)



ActionView::MissingTemplate - Missing template api/sessions/create, application/create with {:locale=>[:en], :formats=>[:json], :variants=>[], :handlers=>[:raw, :erb, :html, :builder, :ruby, :coffee, :jbuilder]}. Searched in:
  * "/Users/nrein/Desktop/Full-Stack-Project/app/views"
:
  app/controllers/api/sessions_controller.rb:10:in `create'

Started GET "/" for ::1 at 2019-11-05 09:29:22 -0800
Processing by StaticPagesController#root as HTML
  Rendering static_pages/root.html.erb within layouts/application
  [1m[36mUser Load (0.5ms)[0m  [1m[34mSELECT  "users".* FROM "users" WHERE "users"."session_token" IS NULL LIMIT $1[0m  [["LIMIT", 1]]
  ↳ app/controllers/application_controller.rb:5
  Rendered static_pages/root.html.erb within layouts/application (12.3ms)
Completed 200 OK in 65ms (Views: 61.5ms | ActiveRecord: 3.3ms)


Started POST "/api/session" for ::1 at 2019-11-05 09:29:37 -0800
Processing by Api::SessionsController#create as JSON
  Parameters: {"user"=>{"email"=>"nrein@gmail.com", "password"=>"[FILTERED]", "age"=>"", "first_name"=>"", "last_name"=>""}}
  [1m[36mUser Load (0.4ms)[0m  [1m[34mSELECT  "users".* FROM "users" WHERE "users"."email" = $1 LIMIT $2[0m  [["email", "nrein@gmail.com"], ["LIMIT", 1]]
  ↳ app/models/user.rb:43
Completed 500 Internal Server Error in 320ms (ActiveRecord: 7.3ms)



ActionView::MissingTemplate - Missing template api/sessions/create, application/create with {:locale=>[:en], :formats=>[:json], :variants=>[], :handlers=>[:raw, :erb, :html, :builder, :ruby, :coffee, :jbuilder]}. Searched in:
  * "/Users/nrein/Desktop/Full-Stack-Project/app/views"
:
  app/controllers/api/sessions_controller.rb:10:in `create'

Started POST "/api/session" for ::1 at 2019-11-05 09:30:44 -0800
Processing by Api::SessionsController#create as JSON
  Parameters: {"user"=>{"email"=>"nrein@gmail.com", "password"=>"[FILTERED]", "age"=>"", "first_name"=>"", "last_name"=>""}}
  [1m[36mUser Load (0.4ms)[0m  [1m[34mSELECT  "users".* FROM "users" WHERE "users"."email" = $1 LIMIT $2[0m  [["email", "nrein@gmail.com"], ["LIMIT", 1]]
  ↳ app/models/user.rb:43
Completed 500 Internal Server Error in 320ms (ActiveRecord: 7.2ms)



ActionView::MissingTemplate - Missing template api/sessions/create, application/create with {:locale=>[:en], :formats=>[:json], :variants=>[], :handlers=>[:raw, :erb, :html, :builder, :ruby, :coffee, :jbuilder]}. Searched in:
  * "/Users/nrein/Desktop/Full-Stack-Project/app/views"
:
  app/controllers/api/sessions_controller.rb:10:in `create'

Started GET "/" for ::1 at 2019-11-05 09:52:15 -0800
Processing by StaticPagesController#root as HTML
  Rendering static_pages/root.html.erb within layouts/application
  [1m[36mUser Load (1.2ms)[0m  [1m[34mSELECT  "users".* FROM "users" WHERE "users"."session_token" IS NULL LIMIT $1[0m  [["LIMIT", 1]]
  ↳ app/controllers/application_controller.rb:5
  Rendered static_pages/root.html.erb within layouts/application (30.5ms)
Completed 200 OK in 670ms (Views: 655.3ms | ActiveRecord: 14.2ms)


Started POST "/api/session" for ::1 at 2019-11-05 09:52:26 -0800
Processing by Api::SessionsController#create as JSON
  Parameters: {"user"=>{"email"=>"nrein@gmail.com", "password"=>"[FILTERED]", "age"=>"0", "first_name"=>"", "last_name"=>""}}
  [1m[36mUser Load (0.7ms)[0m  [1m[34mSELECT  "users".* FROM "users" WHERE "users"."email" = $1 LIMIT $2[0m  [["email", "nrein@gmail.com"], ["LIMIT", 1]]
  ↳ app/models/user.rb:43
Completed 500 Internal Server Error in 317ms (ActiveRecord: 10.1ms)



ActionView::MissingTemplate - Missing template api/sessions/create, application/create with {:locale=>[:en], :formats=>[:json], :variants=>[], :handlers=>[:raw, :erb, :html, :builder, :ruby, :coffee, :jbuilder]}. Searched in:
  * "/Users/nrein/Desktop/Full-Stack-Project/app/views"
:
  app/controllers/api/sessions_controller.rb:10:in `create'

Started GET "/" for ::1 at 2019-11-05 09:54:52 -0800
Processing by StaticPagesController#root as HTML
  Rendering static_pages/root.html.erb within layouts/application
  [1m[36mUser Load (1.1ms)[0m  [1m[34mSELECT  "users".* FROM "users" WHERE "users"."session_token" IS NULL LIMIT $1[0m  [["LIMIT", 1]]
  ↳ app/controllers/application_controller.rb:5
  Rendered static_pages/root.html.erb within layouts/application (6.1ms)
Completed 200 OK in 73ms (Views: 71.4ms | ActiveRecord: 1.1ms)


Started POST "/api/session" for ::1 at 2019-11-05 09:55:03 -0800
Processing by Api::SessionsController#create as JSON
  Parameters: {"user"=>{"email"=>"nrein@gmail.com", "password"=>"[FILTERED]", "age"=>"0", "first_name"=>"", "last_name"=>""}}
  [1m[36mUser Load (0.4ms)[0m  [1m[34mSELECT  "users".* FROM "users" WHERE "users"."email" = $1 LIMIT $2[0m  [["email", "nrein@gmail.com"], ["LIMIT", 1]]
  ↳ app/models/user.rb:43
Completed 500 Internal Server Error in 311ms (ActiveRecord: 0.4ms)



ActionView::MissingTemplate - Missing template api/sessions/create, application/create with {:locale=>[:en], :formats=>[:json], :variants=>[], :handlers=>[:raw, :erb, :html, :builder, :ruby, :coffee, :jbuilder]}. Searched in:
  * "/Users/nrein/Desktop/Full-Stack-Project/app/views"
:
  app/controllers/api/sessions_controller.rb:10:in `create'

Started GET "/" for ::1 at 2019-11-05 09:56:01 -0800
Processing by StaticPagesController#root as HTML
  Rendering static_pages/root.html.erb within layouts/application
  [1m[36mUser Load (1.7ms)[0m  [1m[34mSELECT  "users".* FROM "users" WHERE "users"."session_token" IS NULL LIMIT $1[0m  [["LIMIT", 1]]
  ↳ app/controllers/application_controller.rb:5
  Rendered static_pages/root.html.erb within layouts/application (8.6ms)
Completed 200 OK in 68ms (Views: 65.6ms | ActiveRecord: 1.7ms)


Started POST "/api/session" for ::1 at 2019-11-05 09:56:09 -0800
Processing by Api::SessionsController#create as JSON
  Parameters: {"user"=>{"email"=>"nrein@gmail.com", "password"=>"[FILTERED]", "age"=>"0", "first_name"=>"", "last_name"=>""}}
  [1m[36mUser Load (0.4ms)[0m  [1m[34mSELECT  "users".* FROM "users" WHERE "users"."email" = $1 LIMIT $2[0m  [["email", "nrein@gmail.com"], ["LIMIT", 1]]
  ↳ app/models/user.rb:43
Completed 500 Internal Server Error in 304ms (ActiveRecord: 0.4ms)



ActionView::MissingTemplate - Missing template api/sessions/create, application/create with {:locale=>[:en], :formats=>[:json], :variants=>[], :handlers=>[:raw, :erb, :html, :builder, :ruby, :coffee, :jbuilder]}. Searched in:
  * "/Users/nrein/Desktop/Full-Stack-Project/app/views"
:
  app/controllers/api/sessions_controller.rb:10:in `create'

Started POST "/api/session" for ::1 at 2019-11-05 09:56:49 -0800
Processing by Api::SessionsController#create as JSON
  Parameters: {"user"=>{"email"=>"nrein@gmail.com", "password"=>"[FILTERED]", "age"=>"0", "first_name"=>"", "last_name"=>""}}
  [1m[36mUser Load (0.5ms)[0m  [1m[34mSELECT  "users".* FROM "users" WHERE "users"."email" = $1 LIMIT $2[0m  [["email", "nrein@gmail.com"], ["LIMIT", 1]]
  ↳ app/models/user.rb:43
Completed 500 Internal Server Error in 321ms (ActiveRecord: 6.4ms)



ActionView::MissingTemplate - Missing template api/sessions/create, application/create with {:locale=>[:en], :formats=>[:json], :variants=>[], :handlers=>[:raw, :erb, :html, :builder, :ruby, :coffee, :jbuilder]}. Searched in:
  * "/Users/nrein/Desktop/Full-Stack-Project/app/views"
:
  app/controllers/api/sessions_controller.rb:10:in `create'

Started POST "/api/users" for ::1 at 2019-11-05 10:09:38 -0800
Processing by Api::UsersController#create as JSON
  Parameters: {"user"=>{"email"=>"dylan@gmail.com", "password"=>"[FILTERED]", "age"=>"22", "first_name"=>"Dylan", "last_name"=>"Reinhardt"}}
  [1m[35m (0.2ms)[0m  [1m[35mBEGIN[0m
  ↳ app/controllers/api/users_controller.rb:5
  [1m[36mUser Exists (1.5ms)[0m  [1m[34mSELECT  1 AS one FROM "users" WHERE "users"."email" = $1 LIMIT $2[0m  [["email", "dylan@gmail.com"], ["LIMIT", 1]]
  ↳ app/controllers/api/users_controller.rb:5
  [1m[35m (0.3ms)[0m  [1m[31mROLLBACK[0m
  ↳ app/controllers/api/users_controller.rb:5
Completed 422 Unprocessable Entity in 311ms (Views: 0.3ms | ActiveRecord: 12.0ms)


Started POST "/api/users" for ::1 at 2019-11-05 10:10:33 -0800
Processing by Api::UsersController#create as JSON
  Parameters: {"user"=>{"email"=>"jenna@gmail.com", "password"=>"[FILTERED]", "age"=>"15", "first_name"=>"Jenna", "last_name"=>"Reinhardt"}}
  [1m[35m (0.2ms)[0m  [1m[35mBEGIN[0m
  ↳ app/controllers/api/users_controller.rb:5
  [1m[36mUser Exists (0.5ms)[0m  [1m[34mSELECT  1 AS one FROM "users" WHERE "users"."email" = $1 LIMIT $2[0m  [["email", "jenna@gmail.com"], ["LIMIT", 1]]
  ↳ app/controllers/api/users_controller.rb:5
  [1m[36mUser Create (0.8ms)[0m  [1m[32mINSERT INTO "users" ("first_name", "last_name", "email", "age", "password_digest", "session_token", "created_at", "updated_at") VALUES ($1, $2, $3, $4, $5, $6, $7, $8) RETURNING "id"[0m  [["first_name", "Jenna"], ["last_name", "Reinhardt"], ["email", "jenna@gmail.com"], ["age", 15], ["password_digest", "$2a$12$Sso14dWnTVTfXy6xdPc9T.z/cRdcvWd9J5uEW6t/XMl4FY7rF8tpe"], ["session_token", "w8Xz77LnkOjz7mU9J0u4MA"], ["created_at", "2019-11-05 18:10:33.436795"], ["updated_at", "2019-11-05 18:10:33.436795"]]
  ↳ app/controllers/api/users_controller.rb:5
  [1m[35m (1.4ms)[0m  [1m[35mCOMMIT[0m
  ↳ app/controllers/api/users_controller.rb:5
  Rendering api/users/show.json.jbuilder
  Rendered api/users/_user.json.jbuilder (0.5ms)
  Rendered api/users/show.json.jbuilder (2.7ms)
Completed 200 OK in 313ms (Views: 16.6ms | ActiveRecord: 2.9ms)


Started DELETE "/api/session" for ::1 at 2019-11-05 10:10:37 -0800
Processing by Api::SessionsController#destroy as JSON
  [1m[36mUser Load (0.8ms)[0m  [1m[34mSELECT  "users".* FROM "users" WHERE "users"."session_token" = $1 LIMIT $2[0m  [["session_token", "w8Xz77LnkOjz7mU9J0u4MA"], ["LIMIT", 1]]
  ↳ app/controllers/application_controller.rb:5
  [1m[35m (0.2ms)[0m  [1m[35mBEGIN[0m
  ↳ app/models/user.rb:29
  [1m[36mUser Exists (0.7ms)[0m  [1m[34mSELECT  1 AS one FROM "users" WHERE "users"."email" = $1 AND "users"."id" != $2 LIMIT $3[0m  [["email", "jenna@gmail.com"], ["id", 4], ["LIMIT", 1]]
  ↳ app/models/user.rb:29
  [1m[36mUser Update (0.8ms)[0m  [1m[33mUPDATE "users" SET "session_token" = $1, "updated_at" = $2 WHERE "users"."id" = $3[0m  [["session_token", "WlFl46tE7PrAJZWENNG1zg"], ["updated_at", "2019-11-05 18:10:37.149587"], ["id", 4]]
  ↳ app/models/user.rb:29
  [1m[35m (1.2ms)[0m  [1m[35mCOMMIT[0m
  ↳ app/models/user.rb:29
Completed 200 OK in 22ms (Views: 0.2ms | ActiveRecord: 4.1ms)


  [1m[36mUser Load (0.9ms)[0m  [1m[34mSELECT "users".* FROM "users"[0m
Started POST "/api/session" for ::1 at 2019-11-05 10:12:12 -0800
Processing by Api::SessionsController#create as JSON
  Parameters: {"user"=>{"email"=>"jenna@gmail.com", "password"=>"[FILTERED]", "age"=>"0", "first_name"=>"", "last_name"=>""}}
  [1m[36mUser Load (0.4ms)[0m  [1m[34mSELECT  "users".* FROM "users" WHERE "users"."email" = $1 LIMIT $2[0m  [["email", "jenna@gmail.com"], ["LIMIT", 1]]
  ↳ app/models/user.rb:43
Completed 500 Internal Server Error in 294ms (ActiveRecord: 0.4ms)



ActionView::MissingTemplate - Missing template api/sessions/create, application/create with {:locale=>[:en], :formats=>[:json], :variants=>[], :handlers=>[:raw, :erb, :html, :builder, :ruby, :coffee, :jbuilder]}. Searched in:
  * "/Users/nrein/Desktop/Full-Stack-Project/app/views"
:
  app/controllers/api/sessions_controller.rb:10:in `create'

Started POST "/api/session" for ::1 at 2019-11-05 10:13:08 -0800
Processing by Api::SessionsController#create as JSON
  Parameters: {"user"=>{"email"=>"jenna@gmail.com", "password"=>"[FILTERED]", "age"=>"0", "first_name"=>"", "last_name"=>""}}
  [1m[36mUser Load (0.6ms)[0m  [1m[34mSELECT  "users".* FROM "users" WHERE "users"."email" = $1 LIMIT $2[0m  [["email", "jenna@gmail.com"], ["LIMIT", 1]]
  ↳ app/models/user.rb:43
Completed 401 Unauthorized in 290ms (Views: 0.4ms | ActiveRecord: 0.6ms)


Started POST "/api/session" for ::1 at 2019-11-05 10:16:20 -0800
Processing by Api::SessionsController#create as JSON
  Parameters: {"user"=>{"email"=>"jenna@gmail.com", "password"=>"[FILTERED]", "age"=>"0", "first_name"=>"", "last_name"=>""}}
  [1m[36mUser Load (0.4ms)[0m  [1m[34mSELECT  "users".* FROM "users" WHERE "users"."email" = $1 LIMIT $2[0m  [["email", "jenna@gmail.com"], ["LIMIT", 1]]
  ↳ app/models/user.rb:43
Completed 401 Unauthorized in 349ms (Views: 0.2ms | ActiveRecord: 8.5ms)


Started POST "/api/session" for ::1 at 2019-11-05 10:16:24 -0800
Processing by Api::SessionsController#create as JSON
  Parameters: {"user"=>{"email"=>"", "password"=>"[FILTERED]", "age"=>"0", "first_name"=>"", "last_name"=>""}}
  [1m[36mUser Load (0.8ms)[0m  [1m[34mSELECT  "users".* FROM "users" WHERE "users"."email" = $1 LIMIT $2[0m  [["email", ""], ["LIMIT", 1]]
  ↳ app/models/user.rb:43
Completed 401 Unauthorized in 3ms (Views: 0.2ms | ActiveRecord: 0.8ms)


Started POST "/api/session" for ::1 at 2019-11-05 10:16:26 -0800
Processing by Api::SessionsController#create as JSON
  Parameters: {"user"=>{"email"=>"", "password"=>"[FILTERED]", "age"=>"0", "first_name"=>"", "last_name"=>""}}
  [1m[36mUser Load (1.0ms)[0m  [1m[34mSELECT  "users".* FROM "users" WHERE "users"."email" = $1 LIMIT $2[0m  [["email", ""], ["LIMIT", 1]]
  ↳ app/models/user.rb:43
Completed 401 Unauthorized in 4ms (Views: 0.2ms | ActiveRecord: 1.0ms)


Started POST "/api/session" for ::1 at 2019-11-05 10:23:26 -0800
Processing by Api::SessionsController#create as JSON
  Parameters: {"user"=>{"email"=>"nrein@gmail.com", "password"=>"[FILTERED]", "age"=>"0", "first_name"=>"", "last_name"=>""}}
  [1m[36mUser Load (1.0ms)[0m  [1m[34mSELECT  "users".* FROM "users" WHERE "users"."email" = $1 LIMIT $2[0m  [["email", "nrein@gmail.com"], ["LIMIT", 1]]
  ↳ app/models/user.rb:43
Completed 500 Internal Server Error in 311ms (ActiveRecord: 1.2ms)



ActionView::MissingTemplate - Missing template api/sessions/create, application/create with {:locale=>[:en], :formats=>[:json], :variants=>[], :handlers=>[:raw, :erb, :html, :builder, :ruby, :coffee, :jbuilder]}. Searched in:
  * "/Users/nrein/Desktop/Full-Stack-Project/app/views"
:
  app/controllers/api/sessions_controller.rb:10:in `create'

Started GET "/" for ::1 at 2019-11-05 10:37:28 -0800
Processing by StaticPagesController#root as HTML
  Rendering static_pages/root.html.erb within layouts/application
  [1m[36mUser Load (0.8ms)[0m  [1m[34mSELECT  "users".* FROM "users" WHERE "users"."session_token" IS NULL LIMIT $1[0m  [["LIMIT", 1]]
  ↳ app/controllers/application_controller.rb:5
  Rendered static_pages/root.html.erb within layouts/application (6.6ms)
Completed 200 OK in 501ms (Views: 499.5ms | ActiveRecord: 1.3ms)


Started POST "/api/session" for ::1 at 2019-11-05 10:48:33 -0800
Processing by Api::SessionsController#create as JSON
  Parameters: {"user"=>{"email"=>"jenna@gmail.com", "password"=>"[FILTERED]", "age"=>"14", "first_name"=>"", "last_name"=>""}}
  [1m[36mUser Load (2.0ms)[0m  [1m[34mSELECT  "users".* FROM "users" WHERE "users"."email" = $1 LIMIT $2[0m  [["email", "jenna@gmail.com"], ["LIMIT", 1]]
  ↳ app/models/user.rb:43
Completed 500 Internal Server Error in 305ms (ActiveRecord: 2.4ms)



ActionView::MissingTemplate - Missing template api/sessions/create, application/create with {:locale=>[:en], :formats=>[:json], :variants=>[], :handlers=>[:raw, :erb, :html, :builder, :ruby, :coffee, :jbuilder]}. Searched in:
  * "/Users/nrein/Desktop/Full-Stack-Project/app/views"
:
  app/controllers/api/sessions_controller.rb:10:in `create'

Started GET "/" for ::1 at 2019-11-05 10:56:03 -0800
Processing by StaticPagesController#root as HTML
  Rendering static_pages/root.html.erb within layouts/application
  [1m[36mUser Load (1.1ms)[0m  [1m[34mSELECT  "users".* FROM "users" WHERE "users"."session_token" IS NULL LIMIT $1[0m  [["LIMIT", 1]]
  ↳ app/controllers/application_controller.rb:5
  Rendered static_pages/root.html.erb within layouts/application (28.6ms)
Completed 200 OK in 84ms (Views: 75.9ms | ActiveRecord: 7.6ms)


Started POST "/api/session" for ::1 at 2019-11-05 10:56:12 -0800
Processing by Api::SessionsController#create as JSON
  Parameters: {"user"=>{"email"=>"jenna@gmail.com", "password"=>"[FILTERED]", "age"=>"14", "first_name"=>"", "last_name"=>""}}
  [1m[36mUser Load (0.5ms)[0m  [1m[34mSELECT  "users".* FROM "users" WHERE "users"."email" = $1 LIMIT $2[0m  [["email", "jenna@gmail.com"], ["LIMIT", 1]]
  ↳ app/models/user.rb:43
  Rendering api/users/show.json.jbuilder
  Rendered api/users/_user.json.jbuilder (0.7ms)
  Rendered api/users/show.json.jbuilder (2.5ms)
Completed 200 OK in 332ms (Views: 11.4ms | ActiveRecord: 10.6ms)


Started DELETE "/api/session" for ::1 at 2019-11-05 11:10:53 -0800
Processing by Api::SessionsController#destroy as JSON
  [1m[36mUser Load (0.9ms)[0m  [1m[34mSELECT  "users".* FROM "users" WHERE "users"."session_token" = $1 LIMIT $2[0m  [["session_token", "WlFl46tE7PrAJZWENNG1zg"], ["LIMIT", 1]]
  ↳ app/controllers/application_controller.rb:5
  [1m[35m (0.2ms)[0m  [1m[35mBEGIN[0m
  ↳ app/models/user.rb:29
  [1m[36mUser Exists (0.7ms)[0m  [1m[34mSELECT  1 AS one FROM "users" WHERE "users"."email" = $1 AND "users"."id" != $2 LIMIT $3[0m  [["email", "jenna@gmail.com"], ["id", 4], ["LIMIT", 1]]
  ↳ app/models/user.rb:29
  [1m[36mUser Update (0.7ms)[0m  [1m[33mUPDATE "users" SET "session_token" = $1, "updated_at" = $2 WHERE "users"."id" = $3[0m  [["session_token", "RXqZSE723E37ROIz16fW2Q"], ["updated_at", "2019-11-05 19:10:53.256572"], ["id", 4]]
  ↳ app/models/user.rb:29
  [1m[35m (1.9ms)[0m  [1m[35mCOMMIT[0m
  ↳ app/models/user.rb:29
Completed 200 OK in 14ms (Views: 0.2ms | ActiveRecord: 4.6ms)


Started POST "/api/session" for ::1 at 2019-11-05 11:10:59 -0800
Processing by Api::SessionsController#create as JSON
  Parameters: {"user"=>{"email"=>"", "password"=>"[FILTERED]", "age"=>"14", "first_name"=>"", "last_name"=>""}}
  [1m[36mUser Load (1.4ms)[0m  [1m[34mSELECT  "users".* FROM "users" WHERE "users"."email" = $1 LIMIT $2[0m  [["email", ""], ["LIMIT", 1]]
  ↳ app/models/user.rb:43
Completed 401 Unauthorized in 4ms (Views: 0.2ms | ActiveRecord: 1.4ms)


Started GET "/" for ::1 at 2019-11-05 11:11:02 -0800
Processing by StaticPagesController#root as HTML
  Rendering static_pages/root.html.erb within layouts/application
  [1m[36mUser Load (1.0ms)[0m  [1m[34mSELECT  "users".* FROM "users" WHERE "users"."session_token" IS NULL LIMIT $1[0m  [["LIMIT", 1]]
  ↳ app/controllers/application_controller.rb:5
  Rendered static_pages/root.html.erb within layouts/application (6.7ms)
Completed 200 OK in 518ms (Views: 516.9ms | ActiveRecord: 1.0ms)


Started POST "/api/session" for ::1 at 2019-11-05 11:11:06 -0800
Processing by Api::SessionsController#create as JSON
  Parameters: {"user"=>{"email"=>"", "password"=>"[FILTERED]", "age"=>"14", "first_name"=>"", "last_name"=>""}}
  [1m[36mUser Load (0.4ms)[0m  [1m[34mSELECT  "users".* FROM "users" WHERE "users"."email" = $1 LIMIT $2[0m  [["email", ""], ["LIMIT", 1]]
  ↳ app/models/user.rb:43
Completed 401 Unauthorized in 2ms (Views: 0.2ms | ActiveRecord: 0.4ms)


Started POST "/api/session" for ::1 at 2019-11-05 11:15:05 -0800
Processing by Api::SessionsController#create as JSON
  Parameters: {"user"=>{"email"=>"", "password"=>"[FILTERED]", "age"=>"14", "first_name"=>"", "last_name"=>""}}
  [1m[36mUser Load (1.6ms)[0m  [1m[34mSELECT  "users".* FROM "users" WHERE "users"."email" = $1 LIMIT $2[0m  [["email", ""], ["LIMIT", 1]]
  ↳ app/models/user.rb:43
Completed 401 Unauthorized in 4ms (Views: 0.3ms | ActiveRecord: 1.6ms)


Started GET "/" for ::1 at 2019-11-05 11:15:08 -0800
Processing by StaticPagesController#root as HTML
  Rendering static_pages/root.html.erb within layouts/application
  [1m[36mUser Load (0.8ms)[0m  [1m[34mSELECT  "users".* FROM "users" WHERE "users"."session_token" IS NULL LIMIT $1[0m  [["LIMIT", 1]]
  ↳ app/controllers/application_controller.rb:5
  Rendered static_pages/root.html.erb within layouts/application (4.2ms)
Completed 200 OK in 604ms (Views: 603.4ms | ActiveRecord: 0.8ms)


Started POST "/api/session" for ::1 at 2019-11-05 11:15:10 -0800
Processing by Api::SessionsController#create as JSON
  Parameters: {"user"=>{"email"=>"", "password"=>"[FILTERED]", "age"=>"14", "first_name"=>"", "last_name"=>""}}
  [1m[36mUser Load (0.8ms)[0m  [1m[34mSELECT  "users".* FROM "users" WHERE "users"."email" = $1 LIMIT $2[0m  [["email", ""], ["LIMIT", 1]]
  ↳ app/models/user.rb:43
Completed 401 Unauthorized in 4ms (Views: 0.9ms | ActiveRecord: 0.8ms)


Started GET "/" for ::1 at 2019-11-05 11:16:24 -0800
Processing by StaticPagesController#root as HTML
  Rendering static_pages/root.html.erb within layouts/application
  [1m[36mUser Load (1.9ms)[0m  [1m[34mSELECT  "users".* FROM "users" WHERE "users"."session_token" IS NULL LIMIT $1[0m  [["LIMIT", 1]]
  ↳ app/controllers/application_controller.rb:5
  Rendered static_pages/root.html.erb within layouts/application (6.3ms)
Completed 200 OK in 561ms (Views: 558.8ms | ActiveRecord: 1.9ms)


Started GET "/" for ::1 at 2019-11-05 11:20:13 -0800
Processing by StaticPagesController#root as HTML
  Rendering static_pages/root.html.erb within layouts/application
  [1m[36mUser Load (1.4ms)[0m  [1m[34mSELECT  "users".* FROM "users" WHERE "users"."session_token" IS NULL LIMIT $1[0m  [["LIMIT", 1]]
  ↳ app/controllers/application_controller.rb:5
  Rendered static_pages/root.html.erb within layouts/application (5.1ms)
Completed 200 OK in 566ms (Views: 564.3ms | ActiveRecord: 1.4ms)


Started GET "/" for ::1 at 2019-11-05 11:21:06 -0800
Processing by StaticPagesController#root as HTML
  Rendering static_pages/root.html.erb within layouts/application
  [1m[36mUser Load (0.8ms)[0m  [1m[34mSELECT  "users".* FROM "users" WHERE "users"."session_token" IS NULL LIMIT $1[0m  [["LIMIT", 1]]
  ↳ app/controllers/application_controller.rb:5
  Rendered static_pages/root.html.erb within layouts/application (4.4ms)
Completed 200 OK in 617ms (Views: 616.4ms | ActiveRecord: 0.8ms)


Started POST "/api/session" for ::1 at 2019-11-05 11:21:11 -0800
Processing by Api::SessionsController#create as JSON
  Parameters: {"user"=>{"email"=>"", "password"=>"[FILTERED]", "age"=>"14", "first_name"=>"", "last_name"=>""}}
  [1m[36mUser Load (2.1ms)[0m  [1m[34mSELECT  "users".* FROM "users" WHERE "users"."email" = $1 LIMIT $2[0m  [["email", ""], ["LIMIT", 1]]
  ↳ app/models/user.rb:43
Completed 401 Unauthorized in 5ms (Views: 0.3ms | ActiveRecord: 2.1ms)


Started GET "/" for ::1 at 2019-11-05 11:26:52 -0800
Processing by StaticPagesController#root as HTML
  Rendering static_pages/root.html.erb within layouts/application
  [1m[36mUser Load (0.6ms)[0m  [1m[34mSELECT  "users".* FROM "users" WHERE "users"."session_token" IS NULL LIMIT $1[0m  [["LIMIT", 1]]
  ↳ app/controllers/application_controller.rb:5
  Rendered static_pages/root.html.erb within layouts/application (5.7ms)
Completed 200 OK in 613ms (Views: 611.6ms | ActiveRecord: 0.6ms)


Started GET "/" for ::1 at 2019-11-05 11:28:01 -0800
Processing by StaticPagesController#root as HTML
  Rendering static_pages/root.html.erb within layouts/application
  [1m[36mUser Load (0.7ms)[0m  [1m[34mSELECT  "users".* FROM "users" WHERE "users"."session_token" IS NULL LIMIT $1[0m  [["LIMIT", 1]]
  ↳ app/controllers/application_controller.rb:5
  Rendered static_pages/root.html.erb within layouts/application (3.2ms)
Completed 200 OK in 61ms (Views: 60.0ms | ActiveRecord: 0.7ms)


Started GET "/" for ::1 at 2019-11-05 11:29:15 -0800
Processing by StaticPagesController#root as HTML
  Rendering static_pages/root.html.erb within layouts/application
  [1m[36mUser Load (0.3ms)[0m  [1m[34mSELECT  "users".* FROM "users" WHERE "users"."session_token" IS NULL LIMIT $1[0m  [["LIMIT", 1]]
  ↳ app/controllers/application_controller.rb:5
  Rendered static_pages/root.html.erb within layouts/application (3.4ms)
Completed 200 OK in 77ms (Views: 76.5ms | ActiveRecord: 0.3ms)


Started GET "/" for ::1 at 2019-11-05 11:29:44 -0800
Processing by StaticPagesController#root as HTML
  Rendering static_pages/root.html.erb within layouts/application
  [1m[36mUser Load (0.5ms)[0m  [1m[34mSELECT  "users".* FROM "users" WHERE "users"."session_token" IS NULL LIMIT $1[0m  [["LIMIT", 1]]
  ↳ app/controllers/application_controller.rb:5
  Rendered static_pages/root.html.erb within layouts/application (3.7ms)
Completed 200 OK in 88ms (Views: 87.5ms | ActiveRecord: 0.5ms)


Started POST "/api/session" for ::1 at 2019-11-05 11:29:46 -0800
Processing by Api::SessionsController#create as JSON
  Parameters: {"user"=>{"email"=>"", "password"=>"[FILTERED]", "age"=>"14", "first_name"=>"", "last_name"=>""}}
  [1m[36mUser Load (0.7ms)[0m  [1m[34mSELECT  "users".* FROM "users" WHERE "users"."email" = $1 LIMIT $2[0m  [["email", ""], ["LIMIT", 1]]
  ↳ app/models/user.rb:43
Completed 401 Unauthorized in 3ms (Views: 0.3ms | ActiveRecord: 0.7ms)


Started GET "/" for ::1 at 2019-11-05 11:30:55 -0800
Processing by StaticPagesController#root as HTML
  Rendering static_pages/root.html.erb within layouts/application
  [1m[36mUser Load (0.4ms)[0m  [1m[34mSELECT  "users".* FROM "users" WHERE "users"."session_token" IS NULL LIMIT $1[0m  [["LIMIT", 1]]
  ↳ app/controllers/application_controller.rb:5
  Rendered static_pages/root.html.erb within layouts/application (9.1ms)
Completed 200 OK in 901ms (Views: 900.5ms | ActiveRecord: 0.4ms)


Started GET "/" for ::1 at 2019-11-05 11:32:06 -0800
Processing by StaticPagesController#root as HTML
  Rendering static_pages/root.html.erb within layouts/application
  [1m[36mUser Load (0.5ms)[0m  [1m[34mSELECT  "users".* FROM "users" WHERE "users"."session_token" IS NULL LIMIT $1[0m  [["LIMIT", 1]]
  ↳ app/controllers/application_controller.rb:5
  Rendered static_pages/root.html.erb within layouts/application (4.7ms)
Completed 200 OK in 911ms (Views: 910.5ms | ActiveRecord: 0.5ms)


Started GET "/" for ::1 at 2019-11-05 11:32:17 -0800
Processing by StaticPagesController#root as HTML
  Rendering static_pages/root.html.erb within layouts/application
  [1m[36mUser Load (0.3ms)[0m  [1m[34mSELECT  "users".* FROM "users" WHERE "users"."session_token" IS NULL LIMIT $1[0m  [["LIMIT", 1]]
  ↳ app/controllers/application_controller.rb:5
  Rendered static_pages/root.html.erb within layouts/application (4.7ms)
Completed 200 OK in 773ms (Views: 772.3ms | ActiveRecord: 0.3ms)


Started GET "/" for ::1 at 2019-11-05 11:38:21 -0800
Processing by StaticPagesController#root as HTML
  Rendering static_pages/root.html.erb within layouts/application
  [1m[36mUser Load (0.7ms)[0m  [1m[34mSELECT  "users".* FROM "users" WHERE "users"."session_token" IS NULL LIMIT $1[0m  [["LIMIT", 1]]
  ↳ app/controllers/application_controller.rb:5
  Rendered static_pages/root.html.erb within layouts/application (3.9ms)
Completed 200 OK in 502ms (Views: 500.4ms | ActiveRecord: 1.0ms)


Started POST "/api/session" for ::1 at 2019-11-05 11:38:24 -0800
Processing by Api::SessionsController#create as JSON
  Parameters: {"user"=>{"email"=>"", "password"=>"[FILTERED]", "age"=>"14", "first_name"=>"", "last_name"=>""}}
  [1m[36mUser Load (0.7ms)[0m  [1m[34mSELECT  "users".* FROM "users" WHERE "users"."email" = $1 LIMIT $2[0m  [["email", ""], ["LIMIT", 1]]
  ↳ app/models/user.rb:43
Completed 401 Unauthorized in 5ms (Views: 0.2ms | ActiveRecord: 0.7ms)


Started GET "/" for ::1 at 2019-11-05 11:38:54 -0800
Processing by StaticPagesController#root as HTML
  Rendering static_pages/root.html.erb within layouts/application
  [1m[36mUser Load (1.3ms)[0m  [1m[34mSELECT  "users".* FROM "users" WHERE "users"."session_token" IS NULL LIMIT $1[0m  [["LIMIT", 1]]
  ↳ app/controllers/application_controller.rb:5
  Rendered static_pages/root.html.erb within layouts/application (4.9ms)
Completed 200 OK in 881ms (Views: 879.0ms | ActiveRecord: 1.3ms)


Started POST "/api/users" for ::1 at 2019-11-05 11:39:02 -0800
Processing by Api::UsersController#create as JSON
  Parameters: {"user"=>{"email"=>"", "password"=>"[FILTERED]", "age"=>"14", "first_name"=>"", "last_name"=>""}}
  [1m[35m (0.2ms)[0m  [1m[35mBEGIN[0m
  ↳ app/controllers/api/users_controller.rb:5
  [1m[36mUser Exists (0.7ms)[0m  [1m[34mSELECT  1 AS one FROM "users" WHERE "users"."email" = $1 LIMIT $2[0m  [["email", ""], ["LIMIT", 1]]
  ↳ app/controllers/api/users_controller.rb:5
  [1m[35m (0.3ms)[0m  [1m[31mROLLBACK[0m
  ↳ app/controllers/api/users_controller.rb:5
Completed 422 Unprocessable Entity in 325ms (Views: 0.3ms | ActiveRecord: 1.2ms)


